<?xml version="1.0" encoding="UTF-8"?>
<testng-results skipped="0" failed="0" ignored="0" total="1" passed="1">
  <reporter-output>
  </reporter-output>
  <suite name="Default suite" duration-ms="12198" started-at="2021-06-06T17:53:48Z" finished-at="2021-06-06T17:54:00Z">
    <groups>
    </groups>
    <test name="Default test" duration-ms="12198" started-at="2021-06-06T17:53:48Z" finished-at="2021-06-06T17:54:00Z">
      <class name="testCases.LoginpageTest">
        <test-method status="PASS" signature="setup()[pri:0, instance:testCases.LoginpageTest@54c562f7]" name="setup" is-config="true" duration-ms="5458" started-at="2021-06-06T17:53:48Z" finished-at="2021-06-06T17:53:53Z">
          <reporter-output>
          </reporter-output>
        </test-method> <!-- setup -->
        <test-method status="PASS" signature="logintest()[pri:0, instance:testCases.LoginpageTest@54c562f7]" name="logintest" duration-ms="6657" started-at="2021-06-06T17:53:53Z" finished-at="2021-06-06T17:54:00Z">
          <reporter-output>
          </reporter-output>
        </test-method> <!-- logintest -->
      </class> <!-- testCases.LoginpageTest -->
    </test> <!-- Default test -->
  </suite> <!-- Default suite -->
</testng-results>
